<?xml version="1.0" encoding="UTF-8"?>
<!-- Generated by org.testng.reporters.JUnitReportReporter -->
<testsuite name="com.gmailsignUp.Gmailtest.SignUpProcessTest" tests="1" time="8.148" ignored="0" failures="0" timestamp="03 Jan 2017 13:50:30 GMT" skipped="0" hostname="L0024066" errors="0">
  <testcase name="OpenBrowser" time="8.148" classname="com.gmailsignUp.Gmailtest.SignUpProcessTest"/>
</testsuite> <!-- com.gmailsignUp.Gmailtest.SignUpProcessTest -->
