<?xml version="1.0" encoding="UTF-8"?>
<!-- Generated by org.testng.reporters.JUnitReportReporter -->
<testsuite name="com.gmailsignUp.Gmailtest.SignUpProcessTest" tests="3" time="17.544" ignored="0" failures="0" timestamp="18 Jan 2017 16:48:24 GMT" skipped="1" hostname="L0024066" errors="0">
  <testcase name="skiptestmethod" time="0.003" classname="com.gmailsignUp.Gmailtest.SignUpProcessTest">
    <skipped/>
  </testcase> <!-- skiptestmethod -->
  <testcase name="TestSignup_wrongNumber" time="2.701" classname="com.gmailsignUp.Gmailtest.SignUpProcessTest"/>
  <testcase name="OpenSignup" time="14.840" classname="com.gmailsignUp.Gmailtest.SignUpProcessTest"/>
</testsuite> <!-- com.gmailsignUp.Gmailtest.SignUpProcessTest -->
