<?xml version="1.0" encoding="UTF-8"?>
<!-- Generated by org.testng.reporters.JUnitReportReporter -->
<testsuite name="com.gmailsignUp.Gmailtest.testRunner" tests="1" time="0.099" ignored="0" failures="0" timestamp="19 Jan 2017 13:28:11 GMT" skipped="0" hostname="L0024066" errors="0">
  <testcase name="feature" time="0.099" classname="com.gmailsignUp.Gmailtest.testRunner"/>
</testsuite> <!-- com.gmailsignUp.Gmailtest.testRunner -->
